This is e-upTeX, Version 3.14159265-p3.8.2-u1.25-190131-2.6 (utf8.uptex) (TeX Live 2019) (preloaded format=uplatex 2019.12.6)  24 JAN 2020 02:24
entering extended mode
 restricted \write18 enabled.
 %&-line parsing enabled.
**/Users/yuya/latex_ws/master_thesis/main
(/Users/yuya/latex_ws/master_thesis/main.tex
pLaTeX2e <2019-10-01u02>+1 (based on LaTeX2e <2019-10-01> patch level 3)
(/usr/local/texlive/2019/texmf-dist/tex/platex/jsclasses/jsbook.cls
Document Class: jsbook 2019/07/25 jsclasses (okumura, texjporg)
\jsc@mpt=\dimen118
\jsc@mmm=\dimen119
\jsc@smallskipamount=\skip41
LaTeX Info: Redefining \rmfamily on input line 471.
LaTeX Info: Redefining \sffamily on input line 474.
LaTeX Info: Redefining \ttfamily on input line 477.
LaTeX Info: Redefining \textmc on input line 481.
LaTeX Info: Redefining \textgt on input line 483.
\symmincho=\mathgroup4
LaTeX Font Info:    Overwriting symbol font `mincho' in version `bold'
(Font)                  JY2/mc/m/n --> JY2/gt/m/n on input line 545.
LaTeX Font Info:    Font shape `JT2/mc/m/n' will be
(Font)              scaled to size 9.24683pt on input line 736.
LaTeX Font Info:    Font shape `JY2/mc/m/n' will be
(Font)              scaled to size 9.24683pt on input line 736.
\fullwidth=\dimen120
LaTeX Font Info:    Font shape `JT2/mc/m/n' will be
(Font)              scaled to size 7.39746pt on input line 897.
LaTeX Font Info:    Font shape `JY2/mc/m/n' will be
(Font)              scaled to size 7.39746pt on input line 897.
\c@part=\count83
\c@chapter=\count84
\c@section=\count85
\c@subsection=\count86
\c@subsubsection=\count87
\c@paragraph=\count88
\c@subparagraph=\count89
\c@figure=\count90
\c@table=\count91
\abovecaptionskip=\skip42
\belowcaptionskip=\skip43
\jsc@tocl@width=\dimen121
\@lnumwidth=\dimen122
\bibindent=\dimen123
(/usr/local/texlive/2019/texmf-dist/tex/platex/jsclasses/jslogo.sty
Package: jslogo 2019/07/25 okumura, texjporg
LaTeX Info: Redefining \TeX on input line 94.
LaTeX Info: Redefining \LaTeX on input line 147.
LaTeX Info: Redefining \LaTeXe on input line 200.
)
\heisei=\count92
) (/usr/local/texlive/2019/texmf-dist/tex/latex/base/makeidx.sty
Package: makeidx 2014/09/29 v1.0m Standard LaTeX package
) (/usr/local/texlive/2019/texmf-dist/tex/latex/amsmath/amsmath.sty
Package: amsmath 2019/11/16 v2.17d AMS math features
\@mathmargin=\skip44

For additional information on amsmath, use the `?' option.
(/usr/local/texlive/2019/texmf-dist/tex/latex/amsmath/amstext.sty
Package: amstext 2000/06/29 v2.01 AMS text
 (/usr/local/texlive/2019/texmf-dist/tex/latex/amsmath/amsgen.sty
File: amsgen.sty 1999/11/30 v2.0 generic functions
\@emptytoks=\toks15
\ex@=\dimen124
)) (/usr/local/texlive/2019/texmf-dist/tex/latex/amsmath/amsbsy.sty
Package: amsbsy 1999/11/29 v1.2d Bold Symbols
\pmbraise@=\dimen125
) (/usr/local/texlive/2019/texmf-dist/tex/latex/amsmath/amsopn.sty
Package: amsopn 2016/03/08 v2.02 operator names
)
\inf@bad=\count93
LaTeX Info: Redefining \frac on input line 227.
\uproot@=\count94
\leftroot@=\count95
LaTeX Info: Redefining \overline on input line 389.
\classnum@=\count96
\DOTSCASE@=\count97
LaTeX Info: Redefining \ldots on input line 486.
LaTeX Info: Redefining \dots on input line 489.
LaTeX Info: Redefining \cdots on input line 610.
\Mathstrutbox@=\box43
\strutbox@=\box44
\big@size=\dimen126
LaTeX Font Info:    Redeclaring font encoding OML on input line 733.
LaTeX Font Info:    Redeclaring font encoding OMS on input line 734.
\macc@depth=\count98
\c@MaxMatrixCols=\count99
\dotsspace@=\muskip10
\c@parentequation=\count100
\dspbrk@lvl=\count101
\tag@help=\toks16
\row@=\count102
\column@=\count103
\maxfields@=\count104
\andhelp@=\toks17
\eqnshift@=\dimen127
\alignsep@=\dimen128
\tagshift@=\dimen129
\tagwidth@=\dimen130
\totwidth@=\dimen131
\lineht@=\dimen132
\@envbody=\toks18
\multlinegap=\skip45
\multlinetaggap=\skip46
\mathdisplay@stack=\toks19
LaTeX Info: Redefining \[ on input line 2858.
LaTeX Info: Redefining \] on input line 2859.
) (/usr/local/texlive/2019/texmf-dist/tex/latex/amsfonts/amssymb.sty
Package: amssymb 2013/01/14 v3.01 AMS font symbols
 (/usr/local/texlive/2019/texmf-dist/tex/latex/amsfonts/amsfonts.sty
Package: amsfonts 2013/01/14 v3.01 Basic AMSFonts support
\symAMSa=\mathgroup5
\symAMSb=\mathgroup6
LaTeX Font Info:    Redeclaring math symbol \hbar on input line 98.
LaTeX Font Info:    Overwriting math alphabet `\mathfrak' in version `bold'
(Font)                  U/euf/m/n --> U/euf/b/n on input line 106.
)) (/usr/local/texlive/2019/texmf-dist/tex/latex/graphics/graphicx.sty
Package: graphicx 2017/06/01 v1.1a Enhanced LaTeX Graphics (DPC,SPQR)
 (/usr/local/texlive/2019/texmf-dist/tex/latex/graphics/keyval.sty
Package: keyval 2014/10/28 v1.15 key=value parser (DPC)
\KV@toks@=\toks20
) (/usr/local/texlive/2019/texmf-dist/tex/latex/graphics/graphics.sty
Package: graphics 2019/11/01 v1.3d Standard LaTeX Graphics (DPC,SPQR)
 (/usr/local/texlive/2019/texmf-dist/tex/latex/graphics/trig.sty
Package: trig 2016/01/03 v1.10 sin cos tan (DPC)
) (/usr/local/texlive/2019/texmf-dist/tex/latex/graphics-cfg/graphics.cfg
File: graphics.cfg 2016/06/04 v1.11 sample graphics configuration
)
Package graphics Info: Driver file: dvipdfmx.def on input line 105.
 (/usr/local/texlive/2019/texmf-dist/tex/latex/graphics-def/dvipdfmx.def
File: dvipdfmx.def 2017/06/24 v5.0g Graphics/color driver for dvipdfmx
))
\Gin@req@height=\dimen133
\Gin@req@width=\dimen134
) (/usr/local/texlive/2019/texmf-dist/tex/latex/float/float.sty
Package: float 2001/11/08 v1.3d Float enhancements (AL)
\c@float@type=\count105
\float@exts=\toks21
\float@box=\box45
\@float@everytoks=\toks22
\@floatcapt=\box46
) (/usr/local/texlive/2019/texmf-dist/tex/latex/tools/bm.sty
Package: bm 2019/07/24 v1.2d Bold Symbol Support (DPC/FMi)
\symboldoperators=\mathgroup7
\symboldletters=\mathgroup8
\symboldsymbols=\mathgroup9
\symboldmincho=\mathgroup10
LaTeX Font Info:    Redeclaring math alphabet \mathbf on input line 141.
LaTeX Info: Redefining \bm on input line 209.
)
\@indexfile=\write3
\openout3 = `main.idx'.


Writing index file main.idx
(./main.aux (./introduction.aux) (./pomdp.aux) (./mcl.aux) (./method.aux

LaTeX Warning: Label `particles' multiply defined.

))
\openout1 = `main.aux'.

LaTeX Font Info:    Checking defaults for OML/cmm/m/it on input line 18.
LaTeX Font Info:    ... okay on input line 18.
LaTeX Font Info:    Checking defaults for T1/cmr/m/n on input line 18.
LaTeX Font Info:    ... okay on input line 18.
LaTeX Font Info:    Checking defaults for OT1/cmr/m/n on input line 18.
LaTeX Font Info:    ... okay on input line 18.
LaTeX Font Info:    Checking defaults for OMS/cmsy/m/n on input line 18.
LaTeX Font Info:    ... okay on input line 18.
LaTeX Font Info:    Checking defaults for OMX/cmex/m/n on input line 18.
LaTeX Font Info:    ... okay on input line 18.
LaTeX Font Info:    Checking defaults for U/cmr/m/n on input line 18.
LaTeX Font Info:    ... okay on input line 18.
LaTeX Font Info:    Checking defaults for JY2/mc/m/n on input line 18.
LaTeX Font Info:    ... okay on input line 18.
LaTeX Font Info:    Checking defaults for JT2/mc/m/n on input line 18.
LaTeX Font Info:    ... okay on input line 18.
\openout2 = `./introduction.aux'.

 (./introduction.tex
第1章
LaTeX Font Info:    Font shape `JT2/mc/m/n' will be
(Font)              scaled to size 19.17792pt on input line 1.
LaTeX Font Info:    Font shape `JY2/mc/m/n' will be
(Font)              scaled to size 19.17792pt on input line 1.
LaTeX Font Info:    Font shape `JT2/gt/m/n' will be
(Font)              scaled to size 19.17792pt on input line 1.
LaTeX Font Info:    Font shape `JY2/gt/m/n' will be
(Font)              scaled to size 19.17792pt on input line 1.
LaTeX Font Info:    Font shape `JT2/gt/m/n' will be
(Font)              scaled to size 23.0061pt on input line 1.
LaTeX Font Info:    Font shape `JY2/gt/m/n' will be
(Font)              scaled to size 23.0061pt on input line 1.
LaTeX Font Info:    Font shape `JT2/mc/m/n' will be
(Font)              scaled to size 13.31541pt on input line 5.
LaTeX Font Info:    Font shape `JY2/mc/m/n' will be
(Font)              scaled to size 13.31541pt on input line 5.
LaTeX Font Info:    Font shape `JT2/gt/m/n' will be
(Font)              scaled to size 13.31541pt on input line 5.
LaTeX Font Info:    Font shape `JY2/gt/m/n' will be
(Font)              scaled to size 13.31541pt on input line 5.
LaTeX Font Info:    Font shape `JT2/mc/bx/n' in size <10> not available
(Font)              Font shape `JT2/gt/m/n' tried instead on input line 24.
LaTeX Font Info:    Font shape `JT2/gt/m/n' will be
(Font)              scaled to size 9.24683pt on input line 24.
LaTeX Font Info:    Font shape `JY2/mc/bx/n' in size <10> not available
(Font)              Font shape `JY2/gt/m/n' tried instead on input line 24.
LaTeX Font Info:    Font shape `JY2/gt/m/n' will be
(Font)              scaled to size 9.24683pt on input line 24.

LaTeX Warning: Citation `thrun2005' on page 1 undefined on input line 24.


LaTeX Warning: Citation `上田2007prob' on page 1 undefined on input line 24.

[1



]

LaTeX Warning: Citation `dellaert1999' on page 2 undefined on input line 34.


LaTeX Warning: Citation `fox1999' on page 2 undefined on input line 34.


LaTeX Warning: Citation `kalman1960' on page 2 undefined on input line 38.


LaTeX Warning: Citation `quigley2009ros' on page 2 undefined on input line 40.


LaTeX Warning: Citation `roswiki_amcl' on page 2 undefined on input line 40.


LaTeX Warning: Citation `夏迫2016つくばチャレンジ' on page 2 undefined on input line 42.

LaTeX Font Info:    Font shape `JY2/mc/m/n' will be
(Font)              scaled to size 6.47278pt on input line 85.
LaTeX Font Info:    Font shape `JY2/mc/m/n' will be
(Font)              scaled to size 4.62341pt on input line 85.
LaTeX Font Info:    Trying to load font information for U+msa on input line 85.
(/usr/local/texlive/2019/texmf-dist/tex/latex/amsfonts/umsa.fd
File: umsa.fd 2013/01/14 v3.01 AMS symbols A
)
LaTeX Font Info:    Trying to load font information for U+msb on input line 85.
 (/usr/local/texlive/2019/texmf-dist/tex/latex/amsfonts/umsb.fd
File: umsb.fd 2013/01/14 v3.01 AMS symbols B
)
LaTeX Font Info:    Font shape `JY2/gt/m/n' will be
(Font)              scaled to size 6.47278pt on input line 85.
LaTeX Font Info:    Font shape `JY2/gt/m/n' will be
(Font)              scaled to size 4.62341pt on input line 85.
 [2]

LaTeX Warning: Citation `kaelbling1998' on page 3 undefined on input line 88.


LaTeX Warning: Citation `roy1999b' on page 3 undefined on input line 91.


LaTeX Warning: Citation `littman1995' on page 3 undefined on input line 98.


LaTeX Warning: Citation `ueda2003iros' on page 3 undefined on input line 103.


LaTeX Warning: Citation `ueda2015' on page 3 undefined on input line 106.


LaTeX Warning: Citation `ueda2018searching' on page 3 undefined on input line 111.

[3]

LaTeX Warning: Reference `chapter:mechod' on page 4 undefined on input line 140.


LaTeX Warning: Reference `chapter:evaluate' on page 4 undefined on input line 141.


LaTeX Warning: Reference `chapter:conclution' on page 4 undefined on input line 142.

) [4]
\openout2 = `./pomdp.aux'.

 (./pomdp.tex
第2章
[5



]
LaTeX Font Info:    Font shape `JT2/mc/m/n' will be
(Font)              scaled to size 11.09619pt on input line 38.
LaTeX Font Info:    Font shape `JY2/mc/m/n' will be
(Font)              scaled to size 11.09619pt on input line 38.
LaTeX Font Info:    Font shape `JT2/gt/m/n' will be
(Font)              scaled to size 11.09619pt on input line 38.
LaTeX Font Info:    Font shape `JY2/gt/m/n' will be
(Font)              scaled to size 11.09619pt on input line 38.
 [6] [7]

LaTeX Warning: Citation `kaelbling1998' on page 8 undefined on input line 158.

[8]

LaTeX Warning: Citation `littman1995' on page 9 undefined on input line 165.

) [9]
\openout2 = `./mcl.aux'.

 (./mcl.tex [10



]
第3章
[11] [12]) [13]
\openout2 = `./method.aux'.

 (./method.tex [14



]
第4章
[15] [16]

LaTeX Warning: Reference `equation:pfc' on page 17 undefined on input line 111.

[17]) [18]
No file main.bbl.
No file main.ind.
(./main.aux (./introduction.aux) (./pomdp.aux) (./mcl.aux) (./method.aux))

LaTeX Warning: There were undefined references.


LaTeX Warning: There were multiply-defined labels.

 ) 
Here is how much of TeX's memory you used:
 2240 strings out of 492749
 26075 string characters out of 6140097
 97190 words of memory out of 5000000
 6663 multiletter control sequences out of 15000+600000
 16739 words of font info for 81 fonts, out of 8000000 for 9000
 934 hyphenation exceptions out of 8191
 32i,9n,31p,408b,222s stack positions out of 5000i,500n,10000p,200000b,80000s

Output written on main.dvi (18 pages, 52824 bytes).
